<?xml version="1.0" encoding="UTF-8"?>
<!-- Generated by org.testng.reporters.JUnitReportReporter -->
<testsuite hostname="TYSS-Rakesh" failures="0" tests="1" name="org.facebook.tests.LoignTest" time="68.059" errors="0" timestamp="01 Mar 2018 06:05:34 GMT" skipped="0">
  <testcase classname="org.facebook.tests.LoignTest" name="testLogin" time="68.059"/>
</testsuite> <!-- org.facebook.tests.LoignTest -->
